{
  "RSpec": {
    "coverage": {
      "/Users/vincent/Desktop/cameraphile/spec/models/camera_spec.rb": [
        1,
        null,
        1,
        null,
        2,
        2,
        2,
        null,
        6,
        null,
        1,
        1,
        1,
        null,
        null,
        1,
        1,
        1,
        null,
        null,
        null
      ],
      "/Users/vincent/Desktop/cameraphile/app/models/camera.rb": [
        null,
        null,
        1,
        1,
        1,
        null,
        1,
        null,
        null,
        null,
        1,
        1,
        1,
        1,
        1,
        null,
        1,
        1,
        1,
        null,
        null,
        null,
        0,
        0,
        null,
        null,
        1,
        1,
        null,
        1,
        null,
        null,
        null,
        1,
        1,
        1,
        1,
        1,
        1,
        1,
        1,
        null,
        null,
        0,
        0,
        null,
        1,
        null,
        1,
        null,
        null,
        null
      ],
      "/Users/vincent/Desktop/cameraphile/spec/models/photo_spec.rb": [
        1,
        null,
        1,
        null,
        2,
        2,
        null,
        8,
        null,
        1,
        1,
        1,
        1,
        1,
        null,
        null,
        1,
        1,
        1,
        1,
        1,
        1,
        1,
        1,
        null,
        null,
        1,
        1,
        1,
        null,
        null,
        1,
        1,
        1,
        1,
        null,
        null,
        1,
        1,
        null,
        1,
        1,
        1,
        1,
        1,
        1,
        1,
        1,
        1,
        1,
        1,
        null,
        null,
        1,
        1,
        1,
        1,
        null,
        null,
        1,
        1,
        1,
        1,
        1,
        null,
        null
      ],
      "/Users/vincent/Desktop/cameraphile/app/models/photo.rb": [
        1,
        1,
        null,
        1,
        null,
        1,
        null,
        null,
        1,
        741,
        null,
        741,
        741,
        741,
        null,
        741,
        741,
        741,
        741,
        null,
        null,
        1,
        742,
        null,
        742,
        null,
        742,
        null,
        162,
        16258,
        146,
        null,
        16258,
        146,
        null,
        16258,
        142,
        null,
        16258,
        152,
        null,
        16258,
        90,
        null,
        null,
        162,
        null,
        null,
        1,
        161,
        161,
        161,
        161,
        1840,
        161,
        null,
        null,
        161,
        null,
        null,
        null,
        null,
        1,
        161,
        null,
        161,
        34,
        null,
        92,
        null,
        null,
        161,
        2,
        null,
        85,
        null,
        null,
        161,
        51,
        null,
        4,
        null,
        null,
        161,
        143,
        23,
        null,
        22,
        null,
        null,
        null,
        161,
        null,
        null,
        null,
        null,
        null,
        null,
        null,
        1,
        2,
        2,
        null,
        2,
        2,
        null,
        2,
        200,
        null,
        2,
        null,
        null,
        null,
        null,
        null,
        1,
        660,
        660,
        660,
        80,
        80,
        80,
        5,
        5,
        null,
        80,
        null,
        580,
        580,
        580,
        null,
        80,
        80,
        80,
        80,
        80,
        5,
        5,
        null,
        80,
        null,
        null,
        null,
        null,
        null,
        1,
        1,
        20,
        659,
        null,
        null,
        1,
        1,
        29,
        null,
        null,
        null,
        null,
        null,
        null,
        null
      ],
      "/Users/vincent/Desktop/cameraphile/spec/models/user_spec.rb": [
        1,
        null,
        1,
        null,
        2,
        2,
        null,
        2,
        null,
        1,
        1,
        null,
        null,
        null
      ],
      "/Users/vincent/Desktop/cameraphile/spec/models/wishlist_spec.rb": [
        1,
        null,
        1,
        null,
        2,
        2,
        null,
        null
      ],
      "/Users/vincent/Desktop/cameraphile/app/models/wishlist.rb": [
        1,
        1,
        1,
        null,
        null,
        null
      ]
    },
    "timestamp": 1400201780
  }
}
