{
  "RSpec": {
    "coverage": {
      "/Users/vincent/Desktop/cameraphile/app/models/camera.rb": [
        null,
        null,
        1,
        1,
        1,
        null,
        null,
        null,
        1,
        1,
        1,
        1,
        1,
        null,
        1,
        1,
        1,
        null,
        null,
        null,
        0,
        0,
        null,
        null,
        1,
        1,
        null,
        1,
        null,
        null,
        null,
        null
      ],
      "/Users/vincent/Desktop/cameraphile/spec/models/photo_spec.rb": [
        1,
        null,
        1,
        null,
        2,
        2,
        null,
        7,
        null,
        1,
        1,
        1,
        1,
        1,
        null,
        null,
        1,
        1,
        1,
        1,
        1,
        1,
        1,
        1,
        null,
        null,
        1,
        1,
        1,
        null,
        null,
        1,
        1,
        1,
        1,
        null,
        null,
        null,
        null
      ],
      "/Users/vincent/Desktop/cameraphile/app/models/photo.rb": [
        1,
        1,
        null,
        1,
        null,
        1,
        null,
        null,
        1,
        1,
        null,
        1,
        1,
        1,
        null,
        1,
        1,
        1,
        1,
        null,
        null,
        1,
        2,
        null,
        2,
        null,
        2,
        null,
        2,
        206,
        2,
        null,
        206,
        2,
        null,
        206,
        2,
        null,
        206,
        2,
        null,
        206,
        2,
        null,
        null,
        2,
        null,
        null,
        1,
        1,
        1,
        1,
        1,
        10,
        1,
        null,
        null,
        1,
        null,
        null,
        null,
        null,
        1,
        1,
        null,
        1,
        0,
        null,
        0,
        null,
        null,
        1,
        0,
        null,
        1,
        null,
        null,
        1,
        1,
        null,
        0,
        null,
        null,
        1,
        1,
        null,
        0,
        null,
        null,
        1,
        null,
        null,
        null,
        null
      ],
      "/Users/vincent/Desktop/cameraphile/spec/models/user_spec.rb": [
        1,
        null,
        1,
        null,
        2,
        2,
        null,
        4,
        null,
        1,
        1,
        null,
        null,
        null
      ],
      "/Users/vincent/Desktop/cameraphile/spec/models/wishlist_spec.rb": [
        1,
        null,
        1,
        null,
        2,
        2,
        null,
        null
      ],
      "/Users/vincent/Desktop/cameraphile/app/models/wishlist.rb": [
        1,
        1,
        1,
        null,
        null,
        null
      ]
    },
    "timestamp": 1400104920
  }
}
